\BOOKMARK [1][-]{section.1.1}{Motivation}{}% 1
\BOOKMARK [1][-]{section.1.2}{Cayley Table}{}% 2
\BOOKMARK [1][-]{section.2.1}{Permutations}{}% 3
\BOOKMARK [1][-]{section.2.2}{Dihedral Group}{}% 4
\BOOKMARK [2][-]{subsection.2.2.1}{More on Sn}{section.2.2}% 5
\BOOKMARK [1][-]{section.5.1}{Product Group}{}% 6
\BOOKMARK [1][-]{section.5.2}{Some Results in Elementary Number Theory}{}% 7
\BOOKMARK [1][-]{section.6.1}{Congruences}{}% 8
\BOOKMARK [1][-]{section.7.1}{Polynomials with Rational Coefficients}{}% 9
\BOOKMARK [1][-]{section.7.2}{Factorization of Polynomials}{}% 10
\BOOKMARK [1][-]{section.7.3}{Definition of a Ring}{}% 11
\BOOKMARK [1][-]{section.8.1}{Fields}{}% 12
\BOOKMARK [2][-]{subsection.8.1.1}{Field of Fractions}{section.8.1}% 13
\BOOKMARK [2][-]{subsection.8.1.2}{An Equivalence Relation}{section.8.1}% 14
\BOOKMARK [1][-]{section.9.1}{Homomorphisms}{}% 15
\BOOKMARK [2][-]{subsection.9.1.1}{}{section.9.1}% 16
\BOOKMARK [1][-]{section.9.2}{Principal Ideal Domains}{}% 17
\BOOKMARK [1][-]{section.10.1}{Polynomials over a Field}{}% 18
\BOOKMARK [1][-]{section.11.1}{Polynomials over Z and Q}{}% 19
\BOOKMARK [1][-]{section.12.1}{Splitting Field}{}% 20
\BOOKMARK [1][-]{section.13.1}{Finite Fields}{}% 21
