This is pdfTeX, Version 3.14159265-2.6-1.40.19 (TeX Live 2018/MacPorts 2018.47642_8) (preloaded format=pdflatex 2018.11.16)  26 APR 2019 14:16
entering extended mode
 restricted \write18 enabled.
 %&-line parsing enabled.
**weeks1-5.tex
(./weeks1-5.tex
LaTeX2e <2018-04-01> patch level 2
Babel <3.18> and hyphenation patterns for 3 language(s) loaded.
(/opt/local/share/texmf-texlive/tex/latex/base/report.cls
Document Class: report 2014/09/29 v1.4h Standard LaTeX document class
(/opt/local/share/texmf-texlive/tex/latex/base/size12.clo
File: size12.clo 2014/09/29 v1.4h Standard LaTeX file (size option)
)
\c@part=\count80
\c@chapter=\count81
\c@section=\count82
\c@subsection=\count83
\c@subsubsection=\count84
\c@paragraph=\count85
\c@subparagraph=\count86
\c@figure=\count87
\c@table=\count88
\abovecaptionskip=\skip41
\belowcaptionskip=\skip42
\bibindent=\dimen102
)
(/opt/local/share/texmf-texlive/tex/latex/base/fontenc.sty
Package: fontenc 2017/04/05 v2.0i Standard LaTeX package

(/opt/local/share/texmf-texlive/tex/latex/base/t1enc.def
File: t1enc.def 2017/04/05 v2.0i Standard LaTeX file
LaTeX Font Info:    Redeclaring font encoding T1 on input line 48.
))
(/opt/local/share/texmf-texlive/tex/latex/psnfss/times.sty
Package: times 2005/04/12 PSNFSS-v9.2a (SPQR) 
)
(/opt/local/share/texmf-texlive/tex/latex/amscls/amsthm.sty
Package: amsthm 2017/10/31 v2.20.4
\thm@style=\toks14
\thm@bodyfont=\toks15
\thm@headfont=\toks16
\thm@notefont=\toks17
\thm@headpunct=\toks18
\thm@preskip=\skip43
\thm@postskip=\skip44
\thm@headsep=\skip45
\dth@everypar=\toks19
)
(/opt/local/share/texmf-texlive/tex/latex/amsmath/amscd.sty
Package: amscd 2017/04/14 v2.1 AMS Commutative Diagrams

(/opt/local/share/texmf-texlive/tex/latex/amsmath/amsgen.sty
File: amsgen.sty 1999/11/30 v2.0 generic functions
\@emptytoks=\toks20
\ex@=\dimen103
)
\athelp@=\toks21
\minaw@=\dimen104
\bigaw@=\dimen105
\minCDarrowwidth=\dimen106
)
(/opt/local/share/texmf-texlive/tex/latex/amsfonts/amssymb.sty
Package: amssymb 2013/01/14 v3.01 AMS font symbols

(/opt/local/share/texmf-texlive/tex/latex/amsfonts/amsfonts.sty
Package: amsfonts 2013/01/14 v3.01 Basic AMSFonts support
\symAMSa=\mathgroup4
\symAMSb=\mathgroup5
LaTeX Font Info:    Overwriting math alphabet `\mathfrak' in version `bold'
(Font)                  U/euf/m/n --> U/euf/b/n on input line 106.
))
(/opt/local/share/texmf-texlive/tex/latex/stmaryrd/stmaryrd.sty
Package: stmaryrd 1994/03/03 St Mary's Road symbol package
\symstmry=\mathgroup6
LaTeX Font Info:    Overwriting symbol font `stmry' in version `bold'
(Font)                  U/stmry/m/n --> U/stmry/b/n on input line 89.
)
(/opt/local/share/texmf-texlive/tex/latex/amsmath/amsmath.sty
Package: amsmath 2017/09/02 v2.17a AMS math features
\@mathmargin=\skip46

For additional information on amsmath, use the `?' option.
(/opt/local/share/texmf-texlive/tex/latex/amsmath/amstext.sty
Package: amstext 2000/06/29 v2.01 AMS text
)
(/opt/local/share/texmf-texlive/tex/latex/amsmath/amsbsy.sty
Package: amsbsy 1999/11/29 v1.2d Bold Symbols
\pmbraise@=\dimen107
)
(/opt/local/share/texmf-texlive/tex/latex/amsmath/amsopn.sty
Package: amsopn 2016/03/08 v2.02 operator names
)
\inf@bad=\count89
LaTeX Info: Redefining \frac on input line 213.
\uproot@=\count90
\leftroot@=\count91
LaTeX Info: Redefining \overline on input line 375.
\classnum@=\count92
\DOTSCASE@=\count93
LaTeX Info: Redefining \ldots on input line 472.
LaTeX Info: Redefining \dots on input line 475.
LaTeX Info: Redefining \cdots on input line 596.
\Mathstrutbox@=\box26
\strutbox@=\box27
\big@size=\dimen108
LaTeX Font Info:    Redeclaring font encoding OML on input line 712.
LaTeX Font Info:    Redeclaring font encoding OMS on input line 713.
\macc@depth=\count94
\c@MaxMatrixCols=\count95
\dotsspace@=\muskip10
\c@parentequation=\count96
\dspbrk@lvl=\count97
\tag@help=\toks22
\row@=\count98
\column@=\count99
\maxfields@=\count100
\andhelp@=\toks23
\eqnshift@=\dimen109
\alignsep@=\dimen110
\tagshift@=\dimen111
\tagwidth@=\dimen112
\totwidth@=\dimen113
\lineht@=\dimen114
\@envbody=\toks24
\multlinegap=\skip47
\multlinetaggap=\skip48
\mathdisplay@stack=\toks25
LaTeX Info: Redefining \[ on input line 2817.
LaTeX Info: Redefining \] on input line 2818.
)
(/opt/local/share/texmf-texlive/tex/latex/graphics/graphicx.sty
Package: graphicx 2017/06/01 v1.1a Enhanced LaTeX Graphics (DPC,SPQR)

(/opt/local/share/texmf-texlive/tex/latex/graphics/keyval.sty
Package: keyval 2014/10/28 v1.15 key=value parser (DPC)
\KV@toks@=\toks26
)
(/opt/local/share/texmf-texlive/tex/latex/graphics/graphics.sty
Package: graphics 2017/06/25 v1.2c Standard LaTeX Graphics (DPC,SPQR)

(/opt/local/share/texmf-texlive/tex/latex/graphics/trig.sty
Package: trig 2016/01/03 v1.10 sin cos tan (DPC)
)
(/opt/local/share/texmf-texlive/tex/latex/graphics-cfg/graphics.cfg
File: graphics.cfg 2016/06/04 v1.11 sample graphics configuration
)
Package graphics Info: Driver file: pdftex.def on input line 99.

(/opt/local/share/texmf-texlive/tex/latex/graphics-def/pdftex.def
File: pdftex.def 2018/01/08 v1.0l Graphics/color driver for pdftex
))
\Gin@req@height=\dimen115
\Gin@req@width=\dimen116
)
(/opt/local/share/texmf-texlive/tex/latex/fancybox/fancybox.sty
Package: fancybox 2010/05/15 1.4

Style option: `fancybox' v1.4 <2010/05/15> (tvz)
\@fancybox=\box28
\shadowsize=\dimen117
\@Sbox=\box29
\do@VerbBox=\toks27
\the@fancyput=\toks28
\this@fancyput=\toks29
\EndVerbatimTokens=\toks30
\Verbatim@Outfile=\write3
\Verbatim@Infile=\read1
) (/opt/local/share/texmf-texlive/tex/latex/graphics/color.sty
Package: color 2016/07/10 v1.1e Standard LaTeX Color (DPC)

(/opt/local/share/texmf-texlive/tex/latex/graphics-cfg/color.cfg
File: color.cfg 2016/01/02 v1.6 sample color configuration
)
Package color Info: Driver file: pdftex.def on input line 147.
)
(/opt/local/share/texmf-texlive/tex/latex/mathtools/mathtools.sty
Package: mathtools 2018/01/08 v1.21 mathematical typesetting tools

(/opt/local/share/texmf-texlive/tex/latex/tools/calc.sty
Package: calc 2017/05/25 v4.3 Infix arithmetic (KKT,FJ)
\calc@Acount=\count101
\calc@Bcount=\count102
\calc@Adimen=\dimen118
\calc@Bdimen=\dimen119
\calc@Askip=\skip49
\calc@Bskip=\skip50
LaTeX Info: Redefining \setlength on input line 80.
LaTeX Info: Redefining \addtolength on input line 81.
\calc@Ccount=\count103
\calc@Cskip=\skip51
)
(/opt/local/share/texmf-texlive/tex/latex/mathtools/mhsetup.sty
Package: mhsetup 2017/03/31 v1.3 programming setup (MH)
)
LaTeX Info: Thecontrolsequence`\('isalreadyrobust on input line 129.
LaTeX Info: Thecontrolsequence`\)'isalreadyrobust on input line 129.
LaTeX Info: Thecontrolsequence`\['isalreadyrobust on input line 129.
LaTeX Info: Thecontrolsequence`\]'isalreadyrobust on input line 129.
\g_MT_multlinerow_int=\count104
\l_MT_multwidth_dim=\dimen120
\origjot=\skip52
\l_MT_shortvdotswithinadjustabove_dim=\dimen121
\l_MT_shortvdotswithinadjustbelow_dim=\dimen122
\l_MT_above_intertext_sep=\dimen123
\l_MT_below_intertext_sep=\dimen124
\l_MT_above_shortintertext_sep=\dimen125
\l_MT_below_shortintertext_sep=\dimen126
)
(/opt/local/share/texmf-texlive/tex/latex/oberdiek/pdflscape.sty
Package: pdflscape 2016/05/14 v0.11 Display of landscape pages in PDF (HO)

(/opt/local/share/texmf-texlive/tex/latex/graphics/lscape.sty
Package: lscape 2000/10/22 v3.01 Landscape Pages (DPC)
)
(/opt/local/share/texmf-texlive/tex/generic/oberdiek/ifpdf.sty
Package: ifpdf 2017/03/15 v3.2 Provides the ifpdf switch
)
Package pdflscape Info: Auto-detected driver: pdftex on input line 81.

(/opt/local/share/texmf-texlive/tex/generic/ifxetex/ifxetex.sty
Package: ifxetex 2010/09/12 v0.6 Provides ifxetex conditional
))
(/opt/local/share/texmf-texlive/tex/latex/listings/listings.sty
\lst@mode=\count105
\lst@gtempboxa=\box30
\lst@token=\toks31
\lst@length=\count106
\lst@currlwidth=\dimen127
\lst@column=\count107
\lst@pos=\count108
\lst@lostspace=\dimen128
\lst@width=\dimen129
\lst@newlines=\count109
\lst@lineno=\count110
\lst@maxwidth=\dimen130

(/opt/local/share/texmf-texlive/tex/latex/listings/lstmisc.sty
File: lstmisc.sty 2015/06/04 1.6 (Carsten Heinz)
\c@lstnumber=\count111
\lst@skipnumbers=\count112
\lst@framebox=\box31
)
(/opt/local/share/texmf-texlive/tex/latex/listings/listings.cfg
File: listings.cfg 2015/06/04 1.6 listings configuration
))
Package: listings 2015/06/04 1.6 (Carsten Heinz)

(/opt/local/share/texmf-texlive/tex/latex/eepic/epic.sty
Enhancements to Picture Environment. Version 1.2 - Released June 1, 1986
\@@multicnt=\count113
\d@lta=\count114
\@delta=\dimen131
\@@delta=\dimen132
\@gridcnt=\count115
\@joinkind=\count116
\@dotgap=\dimen133
\@ddotgap=\dimen134
\@x@diff=\count117
\@y@diff=\count118
\x@diff=\dimen135
\y@diff=\dimen136
\@dotbox=\box32
\num@segments=\count119
\num@segmentsi=\count120
\@datafile=\read2
) (/opt/local/share/texmf-texlive/tex/latex/eepic/eepic.sty
Extension to Epic and LaTeX. Version 1.1e - Released Dec 21, 1999
\@gphlinewidth=\count121
\@eepictcnt=\count122
\@tempdimc=\dimen137
\maxovaldiam=\dimen138
\@filltype=\box33
) (/opt/local/share/texmf-texlive/tex/latex/fancyhdr/fancyhdr.sty
Package: fancyhdr 2017/06/30 v3.9a Extensive control of page headers and footer
s
\f@nch@headwidth=\skip53
\f@nch@O@elh=\skip54
\f@nch@O@erh=\skip55
\f@nch@O@olh=\skip56
\f@nch@O@orh=\skip57
\f@nch@O@elf=\skip58
\f@nch@O@erf=\skip59
\f@nch@O@olf=\skip60
\f@nch@O@orf=\skip61
)
(/opt/local/share/texmf-texlive/tex/latex/hyperref/hyperref.sty
Package: hyperref 2018/02/06 v6.86b Hypertext links for LaTeX

(/opt/local/share/texmf-texlive/tex/generic/oberdiek/hobsub-hyperref.sty
Package: hobsub-hyperref 2016/05/16 v1.14 Bundle oberdiek, subset hyperref (HO)


(/opt/local/share/texmf-texlive/tex/generic/oberdiek/hobsub-generic.sty
Package: hobsub-generic 2016/05/16 v1.14 Bundle oberdiek, subset generic (HO)
Package: hobsub 2016/05/16 v1.14 Construct package bundles (HO)
Package: infwarerr 2016/05/16 v1.4 Providing info/warning/error messages (HO)
Package: ltxcmds 2016/05/16 v1.23 LaTeX kernel commands for general use (HO)
Package: ifluatex 2016/05/16 v1.4 Provides the ifluatex switch (HO)
Package ifluatex Info: LuaTeX not detected.
Package: ifvtex 2016/05/16 v1.6 Detect VTeX and its facilities (HO)
Package ifvtex Info: VTeX not detected.
Package: intcalc 2016/05/16 v1.2 Expandable calculations with integers (HO)
Package hobsub Info: Skipping package `ifpdf' (already loaded).
Package: etexcmds 2016/05/16 v1.6 Avoid name clashes with e-TeX commands (HO)
Package etexcmds Info: Could not find \expanded.
(etexcmds)             That can mean that you are not using pdfTeX 1.50 or
(etexcmds)             that some package has redefined \expanded.
(etexcmds)             In the latter case, load this package earlier.
Package: kvsetkeys 2016/05/16 v1.17 Key value parser (HO)
Package: kvdefinekeys 2016/05/16 v1.4 Define keys (HO)
Package: pdftexcmds 2018/01/30 v0.27 Utility functions of pdfTeX for LuaTeX (HO
)
Package pdftexcmds Info: LuaTeX not detected.
Package pdftexcmds Info: \pdf@primitive is available.
Package pdftexcmds Info: \pdf@ifprimitive is available.
Package pdftexcmds Info: \pdfdraftmode found.
Package: pdfescape 2016/05/16 v1.14 Implements pdfTeX's escape features (HO)
Package: bigintcalc 2016/05/16 v1.4 Expandable calculations on big integers (HO
)
Package: bitset 2016/05/16 v1.2 Handle bit-vector datatype (HO)
Package: uniquecounter 2016/05/16 v1.3 Provide unlimited unique counter (HO)
)
Package hobsub Info: Skipping package `hobsub' (already loaded).
Package: letltxmacro 2016/05/16 v1.5 Let assignment for LaTeX macros (HO)
Package: hopatch 2016/05/16 v1.3 Wrapper for package hooks (HO)
Package: xcolor-patch 2016/05/16 xcolor patch
Package: atveryend 2016/05/16 v1.9 Hooks at the very end of document (HO)
Package atveryend Info: \enddocument detected (standard20110627).
Package: atbegshi 2016/06/09 v1.18 At begin shipout hook (HO)
Package: refcount 2016/05/16 v3.5 Data extraction from label references (HO)
Package: hycolor 2016/05/16 v1.8 Color options for hyperref/bookmark (HO)
)
(/opt/local/share/texmf-texlive/tex/latex/oberdiek/auxhook.sty
Package: auxhook 2016/05/16 v1.4 Hooks for auxiliary files (HO)
)
(/opt/local/share/texmf-texlive/tex/latex/oberdiek/kvoptions.sty
Package: kvoptions 2016/05/16 v3.12 Key value format for package options (HO)
)
\@linkdim=\dimen139
\Hy@linkcounter=\count123
\Hy@pagecounter=\count124

(/opt/local/share/texmf-texlive/tex/latex/hyperref/pd1enc.def
File: pd1enc.def 2018/02/06 v6.86b Hyperref: PDFDocEncoding definition (HO)
Now handling font encoding PD1 ...
... no UTF-8 mapping file for font encoding PD1
)
\Hy@SavedSpaceFactor=\count125

(/opt/local/share/texmf-texlive/tex/latex/latexconfig/hyperref.cfg
File: hyperref.cfg 2002/06/06 v1.2 hyperref configuration of TeXLive
)
Package hyperref Info: Hyper figures OFF on input line 4509.
Package hyperref Info: Link nesting OFF on input line 4514.
Package hyperref Info: Hyper index ON on input line 4517.
Package hyperref Info: Plain pages OFF on input line 4524.
Package hyperref Info: Backreferencing OFF on input line 4529.
Package hyperref Info: Implicit mode ON; LaTeX internals redefined.
Package hyperref Info: Bookmarks ON on input line 4762.
\c@Hy@tempcnt=\count126

(/opt/local/share/texmf-texlive/tex/latex/url/url.sty
\Urlmuskip=\muskip11
Package: url 2013/09/16  ver 3.4  Verb mode for urls, etc.
)
LaTeX Info: Redefining \url on input line 5115.
\XeTeXLinkMargin=\dimen140
\Fld@menulength=\count127
\Field@Width=\dimen141
\Fld@charsize=\dimen142
Package hyperref Info: Hyper figures OFF on input line 6369.
Package hyperref Info: Link nesting OFF on input line 6374.
Package hyperref Info: Hyper index ON on input line 6377.
Package hyperref Info: backreferencing OFF on input line 6384.
Package hyperref Info: Link coloring OFF on input line 6389.
Package hyperref Info: Link coloring with OCG OFF on input line 6394.
Package hyperref Info: PDF/A mode OFF on input line 6399.
LaTeX Info: Redefining \ref on input line 6439.
LaTeX Info: Redefining \pageref on input line 6443.
\Hy@abspage=\count128
\c@Item=\count129
\c@Hfootnote=\count130
)
Package hyperref Info: Driver (autodetected): hpdftex.

(/opt/local/share/texmf-texlive/tex/latex/hyperref/hpdftex.def
File: hpdftex.def 2018/02/06 v6.86b Hyperref driver for pdfTeX
\Fld@listcount=\count131
\c@bookmark@seq@number=\count132

(/opt/local/share/texmf-texlive/tex/latex/oberdiek/rerunfilecheck.sty
Package: rerunfilecheck 2016/05/16 v1.8 Rerun checks for auxiliary files (HO)
Package uniquecounter Info: New unique counter `rerunfilecheck' on input line 2
82.
)
\Hy@SectionHShift=\skip62
)
(/opt/local/share/texmf-texlive/tex/latex/cleveref/cleveref.sty
Package: cleveref 2018/03/03 v0.21.3 Intelligent cross-referencing
Package cleveref Info: `hyperref' support loaded on input line 2234.
LaTeX Info: Redefining \cref on input line 2234.
LaTeX Info: Redefining \Cref on input line 2234.
LaTeX Info: Redefining \crefrange on input line 2234.
LaTeX Info: Redefining \Crefrange on input line 2234.
LaTeX Info: Redefining \cpageref on input line 2234.
LaTeX Info: Redefining \Cpageref on input line 2234.
LaTeX Info: Redefining \cpagerefrange on input line 2234.
LaTeX Info: Redefining \Cpagerefrange on input line 2234.
LaTeX Info: Redefining \labelcref on input line 2234.
LaTeX Info: Redefining \labelcpageref on input line 2234.
Package cleveref Info: `amsthm' support loaded on input line 2890.
Package cleveref Info: `listings' support loaded on input line 2995.
Package cleveref Info: always capitalise cross-reference names on input line 76
89.
Package cleveref Info: always capitalise cross-reference names on input line 77
16.
)
\c@statement=\count133

(./weeks1-5.aux)
\openout1 = `weeks1-5.aux'.

LaTeX Font Info:    Checking defaults for OML/cmm/m/it on input line 69.
LaTeX Font Info:    ... okay on input line 69.
LaTeX Font Info:    Checking defaults for T1/cmr/m/n on input line 69.
LaTeX Font Info:    ... okay on input line 69.
LaTeX Font Info:    Checking defaults for OT1/cmr/m/n on input line 69.
LaTeX Font Info:    ... okay on input line 69.
LaTeX Font Info:    Checking defaults for OMS/cmsy/m/n on input line 69.
LaTeX Font Info:    ... okay on input line 69.
LaTeX Font Info:    Checking defaults for OMX/cmex/m/n on input line 69.
LaTeX Font Info:    ... okay on input line 69.
LaTeX Font Info:    Checking defaults for U/cmr/m/n on input line 69.
LaTeX Font Info:    ... okay on input line 69.
LaTeX Font Info:    Checking defaults for PD1/pdf/m/n on input line 69.
LaTeX Font Info:    ... okay on input line 69.
LaTeX Font Info:    Try loading font information for T1+ptm on input line 69.
 (/opt/local/share/texmf-texlive/tex/latex/psnfss/t1ptm.fd
File: t1ptm.fd 2001/06/04 font definitions for T1/ptm.
)
(/opt/local/share/texmf-texlive/tex/context/base/mkii/supp-pdf.mkii
[Loading MPS to PDF converter (version 2006.09.02).]
\scratchcounter=\count134
\scratchdimen=\dimen143
\scratchbox=\box34
\nofMPsegments=\count135
\nofMParguments=\count136
\everyMPshowfont=\toks32
\MPscratchCnt=\count137
\MPscratchDim=\dimen144
\MPnumerator=\count138
\makeMPintoPDFobject=\count139
\everyMPtoPDFconversion=\toks33
) (/opt/local/share/texmf-texlive/tex/latex/oberdiek/epstopdf-base.sty
Package: epstopdf-base 2016/05/15 v2.6 Base part for package epstopdf

(/opt/local/share/texmf-texlive/tex/latex/oberdiek/grfext.sty
Package: grfext 2016/05/16 v1.2 Manage graphics extensions (HO)
)
Package epstopdf-base Info: Redefining graphics rule for `.eps' on input line 4
38.
Package grfext Info: Graphics extension search list:
(grfext)             [.pdf,.png,.jpg,.mps,.jpeg,.jbig2,.jb2,.PDF,.PNG,.JPG,.JPE
G,.JBIG2,.JB2,.eps]
(grfext)             \AppendGraphicsExtensions on input line 456.

(/opt/local/share/texmf-texlive/tex/latex/latexconfig/epstopdf-sys.cfg
File: epstopdf-sys.cfg 2010/07/13 v1.3 Configuration of (r)epstopdf for TeX Liv
e
))
\c@lstlisting=\count140
\AtBeginShipoutBox=\box35
Package hyperref Info: Link coloring OFF on input line 69.

(/opt/local/share/texmf-texlive/tex/latex/hyperref/nameref.sty
Package: nameref 2016/05/21 v2.44 Cross-referencing by name of section

(/opt/local/share/texmf-texlive/tex/generic/oberdiek/gettitlestring.sty
Package: gettitlestring 2016/05/16 v1.5 Cleanup title references (HO)
)
\c@section@level=\count141
)
LaTeX Info: Redefining \ref on input line 69.
LaTeX Info: Redefining \pageref on input line 69.
LaTeX Info: Redefining \nameref on input line 69.

(./weeks1-5.out) (./weeks1-5.out)
\@outlinefile=\write4
\openout4 = `weeks1-5.out'.

LaTeX Font Info:    Font shape `T1/ptm/bx/n' in size <24.88> not available
(Font)              Font shape `T1/ptm/b/n' tried instead on input line 76.
LaTeX Font Info:    Font shape `T1/ptm/bx/n' in size <12> not available
(Font)              Font shape `T1/ptm/b/n' tried instead on input line 77.

Underfull \hbox (badness 10000) in paragraph at lines 80--80

 []


Underfull \hbox (badness 10000) in paragraph at lines 81--82

 []

LaTeX Font Info:    Font shape `T1/ptm/bx/n' in size <14.4> not available
(Font)              Font shape `T1/ptm/b/n' tried instead on input line 82.

Underfull \hbox (badness 10000) in paragraph at lines 85--85

 []


Underfull \hbox (badness 10000) in paragraph at lines 86--87

 []

LaTeX Font Info:    Try loading font information for OMS+ptm on input line 90.
(/opt/local/share/texmf-texlive/tex/latex/psnfss/omsptm.fd
File: omsptm.fd 
)
LaTeX Font Info:    Font shape `OMS/ptm/m/n' in size <12> not available
(Font)              Font shape `OMS/cmsy/m/n' tried instead on input line 90.
LaTeX Font Info:    Try loading font information for U+msa on input line 114.

(/opt/local/share/texmf-texlive/tex/latex/amsfonts/umsa.fd
File: umsa.fd 2013/01/14 v3.01 AMS symbols A
)
LaTeX Font Info:    Try loading font information for U+msb on input line 114.

(/opt/local/share/texmf-texlive/tex/latex/amsfonts/umsb.fd
File: umsb.fd 2013/01/14 v3.01 AMS symbols B
)
LaTeX Font Info:    Try loading font information for U+stmry on input line 114.


(/opt/local/share/texmf-texlive/tex/latex/stmaryrd/Ustmry.fd)
Underfull \hbox (badness 10000) in paragraph at lines 130--130

 []


Underfull \hbox (badness 10000) in paragraph at lines 131--132

 []

! Missing # inserted in alignment preamble.
<to be read again> 
                   \cr 
l.137 \begin{tabular}{||}
                         
? 
! Extra alignment tab has been changed to \cr.
<recently read> \endtemplate 
                             
l.139 *&
        $a$&$b$&$c$ \\
? 
! Extra alignment tab has been changed to \cr.
<template> \endtemplate 
                        
l.139 *&$a$&
            $b$&$c$ \\
? 
! Extra alignment tab has been changed to \cr.
<template> \endtemplate 
                        
l.139 *&$a$&$b$&
                $c$ \\
? 
! Extra alignment tab has been changed to \cr.
<template> \endtemplate 
                        
l.141 $a$&
          $a^2$&$ab$&$ac$ \\
? 
! Extra alignment tab has been changed to \cr.
<template> \endtemplate 
                        
l.141 $a$&$a^2$&
                $ab$&$ac$ \\
? 
! Extra alignment tab has been changed to \cr.
<template> \endtemplate 
                        
l.141 $a$&$a^2$&$ab$&
                     $ac$ \\
? 
! Extra alignment tab has been changed to \cr.
<template> \endtemplate 
                        
l.143 $b$&
          $ba$&$b^2$&$bc$ \\
? 
! Extra alignment tab has been changed to \cr.
<template> \endtemplate 
                        
l.143 $b$&$ba$&
               $b^2$&$bc$ \\
? 
! Extra alignment tab has been changed to \cr.
<template> \endtemplate 
                        
l.143 $b$&$ba$&$b^2$&
                     $bc$ \\
? 
! Extra alignment tab has been changed to \cr.
<template> \endtemplate 
                        
l.145 $c$&
          $ca$&$cb$&$c^2$\\\hline
? 
! Extra alignment tab has been changed to \cr.
<template> \endtemplate 
                        
l.145 $c$&$ca$&
               $cb$&$c^2$\\\hline
? 
! Extra alignment tab has been changed to \cr.
<template> \endtemplate 
                        
l.145 $c$&$ca$&$cb$&
                    $c^2$\\\hline
? 
[1


{/opt/local/var/db/texmf/fonts/map/pdftex/updmap/pdftex.map}]
Underfull \hbox (badness 10000) in paragraph at lines 151--151

 []


Underfull \hbox (badness 10000) in paragraph at lines 152--153

 []

! Missing # inserted in alignment preamble.
<to be read again> 
                   \cr 
l.163 \begin{tabular}{||}
                         
? 
! Extra alignment tab has been changed to \cr.
<template> \endtemplate 
                        
l.167 &
       $r_0$&$r_1$&$r_2$&$s_0$&$s_1$&$s_2$ \\
? 
! Extra alignment tab has been changed to \cr.
<template> \endtemplate 
                        
l.167 &$r_0$&
             $r_1$&$r_2$&$s_0$&$s_1$&$s_2$ \\
? 
! Extra alignment tab has been changed to \cr.
<template> \endtemplate 
                        
l.167 &$r_0$&$r_1$&
                   $r_2$&$s_0$&$s_1$&$s_2$ \\
? 
! Extra alignment tab has been changed to \cr.
<template> \endtemplate 
                        
l.167 &$r_0$&$r_1$&$r_2$&
                         $s_0$&$s_1$&$s_2$ \\
? 
! Extra alignment tab has been changed to \cr.
<template> \endtemplate 
                        
l.167 &$r_0$&$r_1$&$r_2$&$s_0$&
                               $s_1$&$s_2$ \\
? 
! Extra alignment tab has been changed to \cr.
<template> \endtemplate 
                        
l.167 &$r_0$&$r_1$&$r_2$&$s_0$&$s_1$&
                                     $s_2$ \\
? 
! Extra alignment tab has been changed to \cr.
<template> \endtemplate 
                        
l.169 $r_0$&
            $r_0$&$r_1$&$r_2$&$s_0$&$s_1$&$s_2$ \\
? 
! Extra alignment tab has been changed to \cr.
<template> \endtemplate 
                        
l.169 $r_0$&$r_0$&
                  $r_1$&$r_2$&$s_0$&$s_1$&$s_2$ \\
? 
! Extra alignment tab has been changed to \cr.
<template> \endtemplate 
                        
l.169 $r_0$&$r_0$&$r_1$&
                        $r_2$&$s_0$&$s_1$&$s_2$ \\
? 
! Extra alignment tab has been changed to \cr.
<template> \endtemplate 
                        
l.169 $r_0$&$r_0$&$r_1$&$r_2$&
                              $s_0$&$s_1$&$s_2$ \\
? 
! Extra alignment tab has been changed to \cr.
<template> \endtemplate 
                        
l.169 $r_0$&$r_0$&$r_1$&$r_2$&$s_0$&
                                    $s_1$&$s_2$ \\
? 
! Extra alignment tab has been changed to \cr.
<template> \endtemplate 
                        
l.169 $r_0$&$r_0$&$r_1$&$r_2$&$s_0$&$s_1$&
                                          $s_2$ \\
? 
! Extra alignment tab has been changed to \cr.
<template> \endtemplate 
                        
l.171 $r_1$&
            $r_1$&$r_2$&$r_0$&$s_1$&$s_2$&$s_0$ \\
? 
! Extra alignment tab has been changed to \cr.
<template> \endtemplate 
                        
l.171 $r_1$&$r_1$&
                  $r_2$&$r_0$&$s_1$&$s_2$&$s_0$ \\
? 
! Extra alignment tab has been changed to \cr.
<template> \endtemplate 
                        
l.171 $r_1$&$r_1$&$r_2$&
                        $r_0$&$s_1$&$s_2$&$s_0$ \\
? 
! Extra alignment tab has been changed to \cr.
<template> \endtemplate 
                        
l.171 $r_1$&$r_1$&$r_2$&$r_0$&
                              $s_1$&$s_2$&$s_0$ \\
? 
! Extra alignment tab has been changed to \cr.
<template> \endtemplate 
                        
l.171 $r_1$&$r_1$&$r_2$&$r_0$&$s_1$&
                                    $s_2$&$s_0$ \\
? 
! Extra alignment tab has been changed to \cr.
<template> \endtemplate 
                        
l.171 $r_1$&$r_1$&$r_2$&$r_0$&$s_1$&$s_2$&
                                          $s_0$ \\
? 
! Extra alignment tab has been changed to \cr.
<template> \endtemplate 
                        
l.173 $r_2$&
            $r_2$&$r_0$&$r_1$&$s_2$&$s_0$&$s_1$ \\
? 
! Extra alignment tab has been changed to \cr.
<template> \endtemplate 
                        
l.173 $r_2$&$r_2$&
                  $r_0$&$r_1$&$s_2$&$s_0$&$s_1$ \\
? 
! Extra alignment tab has been changed to \cr.
<template> \endtemplate 
                        
l.173 $r_2$&$r_2$&$r_0$&
                        $r_1$&$s_2$&$s_0$&$s_1$ \\
? 
! Extra alignment tab has been changed to \cr.
<template> \endtemplate 
                        
l.173 $r_2$&$r_2$&$r_0$&$r_1$&
                              $s_2$&$s_0$&$s_1$ \\
? 
! Extra alignment tab has been changed to \cr.
<template> \endtemplate 
                        
l.173 $r_2$&$r_2$&$r_0$&$r_1$&$s_2$&
                                    $s_0$&$s_1$ \\
? 
! Extra alignment tab has been changed to \cr.
<template> \endtemplate 
                        
l.173 $r_2$&$r_2$&$r_0$&$r_1$&$s_2$&$s_0$&
                                          $s_1$ \\
? 
! Extra alignment tab has been changed to \cr.
<template> \endtemplate 
                        
l.175 $s_0$&
            $s_0$&$s_2$&$s_1$&$r_0$&$r_2$&$r_1$ \\
? 
! Extra alignment tab has been changed to \cr.
<template> \endtemplate 
                        
l.175 $s_0$&$s_0$&
                  $s_2$&$s_1$&$r_0$&$r_2$&$r_1$ \\
? 
! Extra alignment tab has been changed to \cr.
<template> \endtemplate 
                        
l.175 $s_0$&$s_0$&$s_2$&
                        $s_1$&$r_0$&$r_2$&$r_1$ \\
? 
! Extra alignment tab has been changed to \cr.
<template> \endtemplate 
                        
l.175 $s_0$&$s_0$&$s_2$&$s_1$&
                              $r_0$&$r_2$&$r_1$ \\
? 
! Extra alignment tab has been changed to \cr.
<template> \endtemplate 
                        
l.175 $s_0$&$s_0$&$s_2$&$s_1$&$r_0$&
                                    $r_2$&$r_1$ \\
? 
! Extra alignment tab has been changed to \cr.
<template> \endtemplate 
                        
l.175 $s_0$&$s_0$&$s_2$&$s_1$&$r_0$&$r_2$&
                                          $r_1$ \\
? 
! Extra alignment tab has been changed to \cr.
<template> \endtemplate 
                        
l.177 $s_1$&
            $s_1$&$s_0$&$s_2$&$r_1$&$r_0$&$r_2$ \\
? 
! Extra alignment tab has been changed to \cr.
<template> \endtemplate 
                        
l.177 $s_1$&$s_1$&
                  $s_0$&$s_2$&$r_1$&$r_0$&$r_2$ \\
? 
! Extra alignment tab has been changed to \cr.
<template> \endtemplate 
                        
l.177 $s_1$&$s_1$&$s_0$&
                        $s_2$&$r_1$&$r_0$&$r_2$ \\
? 
! Extra alignment tab has been changed to \cr.
<template> \endtemplate 
                        
l.177 $s_1$&$s_1$&$s_0$&$s_2$&
                              $r_1$&$r_0$&$r_2$ \\
? 
! Extra alignment tab has been changed to \cr.
<template> \endtemplate 
                        
l.177 $s_1$&$s_1$&$s_0$&$s_2$&$r_1$&
                                    $r_0$&$r_2$ \\
? 
! Extra alignment tab has been changed to \cr.
<template> \endtemplate 
                        
l.177 $s_1$&$s_1$&$s_0$&$s_2$&$r_1$&$r_0$&
                                          $r_2$ \\
? 
! Extra alignment tab has been changed to \cr.
<template> \endtemplate 
                        
l.179 $s_2$&
            $s_2$&$s_1$&$s_0$&$r_2$&$r_1$&$r_0$\\\hline
? 
! Extra alignment tab has been changed to \cr.
<template> \endtemplate 
                        
l.179 $s_2$&$s_2$&
                  $s_1$&$s_0$&$r_2$&$r_1$&$r_0$\\\hline
? 
! Extra alignment tab has been changed to \cr.
<template> \endtemplate 
                        
l.179 $s_2$&$s_2$&$s_1$&
                        $s_0$&$r_2$&$r_1$&$r_0$\\\hline
? 
! Extra alignment tab has been changed to \cr.
<template> \endtemplate 
                        
l.179 $s_2$&$s_2$&$s_1$&$s_0$&
                              $r_2$&$r_1$&$r_0$\\\hline
? 
! Extra alignment tab has been changed to \cr.
<template> \endtemplate 
                        
l.179 $s_2$&$s_2$&$s_1$&$s_0$&$r_2$&
                                    $r_1$&$r_0$\\\hline
? 
! Extra alignment tab has been changed to \cr.
<template> \endtemplate 
                        
l.179 $s_2$&$s_2$&$s_1$&$s_0$&$r_2$&$r_1$&
                                          $r_0$\\\hline
? 
[2]
Overfull \vbox (115.6992pt too high) has occurred while \output is active []


[3]
Underfull \hbox (badness 10000) in paragraph at lines 185--185

 []


Underfull \hbox (badness 10000) in paragraph at lines 186--187

 []

LaTeX Font Info:    Font shape `T1/ptm/bx/n' in size <17.28> not available
(Font)              Font shape `T1/ptm/b/n' tried instead on input line 187.
LaTeX Font Info:    Font shape `OMS/ptm/m/it' in size <12> not available
(Font)              Font shape `OMS/cmsy/m/n' tried instead on input line 193.

Underfull \hbox (badness 10000) in paragraph at lines 248--248

 []


Underfull \hbox (badness 10000) in paragraph at lines 249--250

 []

[4]
Underfull \hbox (badness 10000) in paragraph at lines 282--282

 []


Underfull \hbox (badness 10000) in paragraph at lines 283--284

 []

[5]
Underfull \hbox (badness 10000) in paragraph at lines 345--345

 []


Underfull \hbox (badness 10000) in paragraph at lines 346--347

 []

[6]
! You can't use `macro parameter character #' in vertical mode.
l.428 #
       course{Math 2070}
? 
! You can't use `macro parameter character #' in horizontal mode.
l.429 #
       week{2}
? 
[7]
Underfull \hbox (badness 10000) in paragraph at lines 457--457

 []


Underfull \hbox (badness 10000) in paragraph at lines 458--459

 []


Underfull \hbox (badness 10000) in paragraph at lines 473--473

 []


Underfull \hbox (badness 10000) in paragraph at lines 474--475

 []


Underfull \hbox (badness 10000) in paragraph at lines 516--516

 []


Underfull \hbox (badness 10000) in paragraph at lines 517--518

 []

[8

] [9]
Underfull \hbox (badness 10000) in paragraph at lines 724--724

 []


Underfull \hbox (badness 10000) in paragraph at lines 725--726

 []


Overfull \hbox (35.1713pt too wide) in paragraph at lines 742--744
[]\T1/ptm/m/n/12 Intuitively, it is clear that $\OML/cmm/m/it/12 P$ \T1/ptm/m/n
/12 is sym-met-ric with re-spect to $\OML/cmm/m/it/12 n$ \T1/ptm/m/n/12 ro-ta-t
ions $\OMS/cmsy/m/n/12 f\OML/cmm/m/it/12 r[]; r[]; [] ; r[]\OMS/cmsy/m/n/12 g$\
T1/ptm/m/n/12 ,
 []

[10]
Underfull \hbox (badness 10000) in paragraph at lines 828--828

 []


Underfull \hbox (badness 10000) in paragraph at lines 829--830

 []

[11] [12]
Underfull \hbox (badness 10000) in paragraph at lines 929--929

 []


Underfull \hbox (badness 10000) in paragraph at lines 930--931

 []

[13

]
Underfull \hbox (badness 10000) in paragraph at lines 1074--1074

 []


Underfull \hbox (badness 10000) in paragraph at lines 1075--1076

 []

[14] [15] [16]
! You can't use `macro parameter character #' in vertical mode.
l.1295 #
        course{Math 2070}
? 
! You can't use `macro parameter character #' in horizontal mode.
l.1296 #
        week{4}
? 
! You can't use `macro parameter character #' in horizontal mode.
l.1297 #
        topic{Groups}
? 
[17] [18

]

LaTeX Warning: Reference `eg:subgroups' on page 1 undefined on input line 1397.



LaTeX Warning: Reference `lagrangethm' on page 1 undefined on input line 1415.


Underfull \hbox (badness 10000) in paragraph at lines 1419--1419

 []


Underfull \hbox (badness 10000) in paragraph at lines 1420--1421

 []

[19]
Underfull \hbox (badness 10000) in paragraph at lines 1533--1533

 []


Underfull \hbox (badness 10000) in paragraph at lines 1534--1535

 []

[20]
Overfull \hbox (11.73727pt too wide) in paragraph at lines 1595--1596
[]$\OML/cmm/m/it/12 ^^^ \OT1/cmr/m/n/12 : \OML/cmm/m/it/12 S[] [][]\OMS/cmsy/m/
n/12 ! \OT1/cmr/m/n/12 (\OMS/cmsy/m/n/12 f^^F\OT1/cmr/m/n/12 1\OMS/cmsy/m/n/12 
g\OML/cmm/m/it/12 ; \OMS/cmsy/m/n/12 ^^A\OT1/cmr/m/n/12 )$\T1/ptm/m/it/12 , 
 []

[21] [22]
! You can't use `macro parameter character #' in vertical mode.
l.1725 #
        course{Math 2070}
? 
! You can't use `macro parameter character #' in horizontal mode.
l.1726 #
        week{5}
? 
! You can't use `macro parameter character #' in horizontal mode.
l.1727 #
        topic{Group Homomorphisms}
? 
! You can't use `macro parameter character #' in horizontal mode.
l.1728 #
        topic{Rings}
? 

! LaTeX Error: Command \ord already defined.
               Or name \end... illegal, see p.192 of the manual.

See the LaTeX manual or LaTeX Companion for explanation.
Type  H <return>  for immediate help.
 ...                                              
                                                  
l.1730 $\newcommand{\ord}{\mathrm{ord}\,}
                                         $
? 
[23]

LaTeX Warning: Reference `eg:cycliczn' on page 1 undefined on input line 1765.


Underfull \hbox (badness 10000) in paragraph at lines 1793--1793

 []


Underfull \hbox (badness 10000) in paragraph at lines 1794--1795

 []

[24

] [25] [26]
Underfull \hbox (badness 10000) in paragraph at lines 2048--2048

 []


Underfull \hbox (badness 10000) in paragraph at lines 2049--2050

 []


Underfull \hbox (badness 10000) in paragraph at lines 2076--2076

 []


Underfull \hbox (badness 10000) in paragraph at lines 2077--2078

 []


Underfull \hbox (badness 10000) in paragraph at lines 2080--2080

 []


Underfull \hbox (badness 10000) in paragraph at lines 2081--2082

 []

[27] [28]
Underfull \hbox (badness 10000) in paragraph at lines 2201--2201

 []


Underfull \hbox (badness 10000) in paragraph at lines 2202--2203

 []

[29]
Package atveryend Info: Empty hook `BeforeClearDocument' on input line 2291.
 [30]
Package atveryend Info: Empty hook `AfterLastShipout' on input line 2291.
 (./weeks1-5.aux)
Package atveryend Info: Executing hook `AtVeryEndDocument' on input line 2291.
Package atveryend Info: Executing hook `AtEndAfterFileList' on input line 2291.

Package rerunfilecheck Info: File `weeks1-5.out' has not changed.
(rerunfilecheck)             Checksum: D41D8CD98F00B204E9800998ECF8427E;0.


LaTeX Warning: There were undefined references.


LaTeX Warning: Label(s) may have changed. Rerun to get cross-references right.

Package atveryend Info: Empty hook `AtVeryVeryEnd' on input line 2291.
 ) 
Here is how much of TeX's memory you used:
 10506 strings out of 494590
 160794 string characters out of 6177728
 273819 words of memory out of 5000000
 13843 multiletter control sequences out of 15000+600000
 39165 words of font info for 56 fonts, out of 8000000 for 9000
 14 hyphenation exceptions out of 8191
 28i,23n,43p,225b,522s stack positions out of 5000i,500n,10000p,200000b,80000s
{/opt/local/share/texmf-texlive/fonts/enc/dvips/base/8r.enc}</opt/local/share
/texmf-texlive/fonts/type1/public/amsfonts/cm/cmex10.pfb></opt/local/share/texm
f-texlive/fonts/type1/public/amsfonts/cm/cmmi12.pfb></opt/local/share/texmf-tex
live/fonts/type1/public/amsfonts/cm/cmmi6.pfb></opt/local/share/texmf-texlive/f
onts/type1/public/amsfonts/cm/cmmi8.pfb></opt/local/share/texmf-texlive/fonts/t
ype1/public/amsfonts/cm/cmr12.pfb></opt/local/share/texmf-texlive/fonts/type1/p
ublic/amsfonts/cm/cmr6.pfb></opt/local/share/texmf-texlive/fonts/type1/public/a
msfonts/cm/cmr8.pfb></opt/local/share/texmf-texlive/fonts/type1/public/amsfonts
/cm/cmsy10.pfb></opt/local/share/texmf-texlive/fonts/type1/public/amsfonts/cm/c
msy6.pfb></opt/local/share/texmf-texlive/fonts/type1/public/amsfonts/cm/cmsy8.p
fb></opt/local/share/texmf-texlive/fonts/type1/public/amsfonts/symbols/msbm10.p
fb></opt/local/share/texmf-texlive/fonts/type1/urw/times/utmb8a.pfb></opt/local
/share/texmf-texlive/fonts/type1/urw/times/utmr8a.pfb></opt/local/share/texmf-t
exlive/fonts/type1/urw/times/utmri8a.pfb>
Output written on weeks1-5.pdf (30 pages, 226863 bytes).
PDF statistics:
 353 PDF objects out of 1000 (max. 8388607)
 303 compressed objects within 4 object streams
 157 named destinations out of 1000 (max. 500000)
 1 words of extra memory for PDF output out of 10000 (max. 10000000)

